<?xml version="1.0" encoding="UTF-8"?>
<testng-results skipped="0" failed="0" total="1" passed="1">
  <reporter-output>
  </reporter-output>
  <suite name="Default suite" duration-ms="12994" started-at="2016-08-04T05:21:13Z" finished-at="2016-08-04T05:21:26Z">
    <groups>
    </groups>
    <test name="Default test" duration-ms="12994" started-at="2016-08-04T05:21:13Z" finished-at="2016-08-04T05:21:26Z">
      <class name="com.stockAcc.POM.logintc">
        <test-method status="PASS" signature="login()[pri:0, instance:com.stockAcc.POM.logintc@33f652]" name="login" duration-ms="12821" started-at="2016-08-03T22:21:13Z" finished-at="2016-08-03T22:21:26Z">
          <reporter-output>
          </reporter-output>
        </test-method> <!-- login -->
      </class> <!-- com.stockAcc.POM.logintc -->
    </test> <!-- Default test -->
  </suite> <!-- Default suite -->
</testng-results>
